[2025-08-21 11:12:15] [INFO] org.testng.internal.Utils - [TestNG] Running:
  C:\Users\Supriya\SeleniumWebDriver\OpencartV121\master.xml

[2025-08-21 11:47:59] [INFO] org.testng.internal.Utils - [TestNG] Running:
  C:\Users\Supriya\SeleniumWebDriver\OpencartV121\master.xml

[2025-08-21 11:48:02] [INFO] testCases.AccountRegistrationTest - ****Starting AccountRegistrationTest****
[2025-08-21 11:48:02] [INFO] testCases.AccountRegistrationTest - Clicked on account link.... 
[2025-08-21 11:48:03] [INFO] testCases.AccountRegistrationTest - Clicked on registration link.... 
[2025-08-21 11:48:03] [INFO] testCases.AccountRegistrationTest - Providing customer details.... 
[2025-08-21 11:48:08] [INFO] testCases.AccountRegistrationTest - Validating expected message.... 
[2025-08-21 11:48:10] [INFO] testCases.AccountRegistrationTest - Logout after registering....
[2025-08-21 11:48:11] [INFO] testCases.AccountRegistrationTest - ****Finished AccountRegistrationTest****
[2025-08-21 11:48:13] [INFO] testCases.LoginTest - ****Starting verify_login****
[2025-08-21 11:48:17] [INFO] testCases.LoginTest - ****finished verify_login****
[2025-08-21 11:49:07] [INFO] org.testng.internal.Utils - [TestNG] Running:
  C:\Users\Supriya\SeleniumWebDriver\OpencartV121\master.xml

[2025-08-21 11:49:08] [INFO] testCases.AccountRegistrationTest - ****Starting AccountRegistrationTest****
[2025-08-21 11:49:08] [INFO] testCases.LoginTest - ****Starting verify_login****
[2025-08-21 11:50:38] [INFO] org.testng.internal.Utils - [TestNG] Running:
  C:\Users\Supriya\SeleniumWebDriver\OpencartV121\master.xml

[2025-08-21 11:50:38] [INFO] testCases.AccountRegistrationTest - ****Starting AccountRegistrationTest****
[2025-08-21 11:50:38] [INFO] testCases.LoginTest - ****Starting verify_login****
[2025-08-21 12:06:27] [INFO] org.testng.internal.Utils - [TestNG] Running:
  C:\Users\Supriya\SeleniumWebDriver\OpencartV121\master.xml

[2025-08-21 12:06:29] [INFO] testCases.AccountRegistrationTest - ****Starting AccountRegistrationTest****
[2025-08-21 12:06:29] [INFO] testCases.AccountRegistrationTest - Clicked on account link.... 
[2025-08-21 12:06:30] [INFO] testCases.AccountRegistrationTest - Clicked on registration link.... 
[2025-08-21 12:06:30] [INFO] testCases.AccountRegistrationTest - Providing customer details.... 
[2025-08-21 12:06:36] [INFO] testCases.AccountRegistrationTest - Validating expected message.... 
[2025-08-21 12:06:37] [INFO] testCases.AccountRegistrationTest - Logout after registering....
[2025-08-21 12:06:39] [INFO] testCases.AccountRegistrationTest - ****Finished AccountRegistrationTest****
[2025-08-21 12:06:41] [INFO] testCases.LoginTest - ****Starting verify_login****
[2025-08-21 12:06:45] [INFO] testCases.LoginTest - ****finished verify_login****
[2025-08-21 12:15:19] [INFO] org.testng.internal.Utils - [TestNG] Running:
  C:\Users\Supriya\SeleniumWebDriver\OpencartV121\master.xml

[2025-08-21 12:15:24] [INFO] testCases.AccountRegistrationTest - ****Starting AccountRegistrationTest****
[2025-08-21 12:15:24] [INFO] testCases.AccountRegistrationTest - Clicked on account link.... 
[2025-08-21 12:15:25] [INFO] testCases.AccountRegistrationTest - Clicked on registration link.... 
[2025-08-21 12:15:25] [INFO] testCases.AccountRegistrationTest - Providing customer details.... 
[2025-08-21 12:15:31] [INFO] testCases.AccountRegistrationTest - Validating expected message.... 
[2025-08-21 12:15:31] [INFO] testCases.AccountRegistrationTest - Logout after registering....
[2025-08-21 12:15:32] [INFO] testCases.AccountRegistrationTest - ****Finished AccountRegistrationTest****
[2025-08-21 12:15:35] [INFO] testCases.LoginTest - ****Starting verify_login****
[2025-08-21 12:15:37] [INFO] testCases.LoginTest - ****finished verify_login****
[2025-08-21 12:20:56] [INFO] org.testng.internal.Utils - [TestNG] Running:
  C:\Users\Supriya\SeleniumWebDriver\OpencartV121\master.xml

[2025-08-21 12:20:59] [INFO] testCases.AccountRegistrationTest - ****Starting AccountRegistrationTest****
[2025-08-21 12:21:00] [INFO] testCases.AccountRegistrationTest - Clicked on account link.... 
[2025-08-21 12:21:00] [INFO] testCases.AccountRegistrationTest - Clicked on registration link.... 
[2025-08-21 12:21:00] [INFO] testCases.AccountRegistrationTest - Providing customer details.... 
[2025-08-21 12:21:06] [INFO] testCases.AccountRegistrationTest - Validating expected message.... 
[2025-08-21 12:21:08] [INFO] testCases.AccountRegistrationTest - Logout after registering....
[2025-08-21 12:21:09] [INFO] testCases.AccountRegistrationTest - ****Finished AccountRegistrationTest****
[2025-08-21 12:21:14] [INFO] testCases.LoginTest - ****Starting verify_login****
[2025-08-21 12:21:17] [INFO] testCases.LoginTest - ****finished verify_login****
[2025-08-21 12:29:13] [INFO] org.testng.internal.Utils - [TestNG] Running:
  C:\Users\Supriya\SeleniumWebDriver\OpencartV121\master.xml

[2025-08-21 12:29:15] [INFO] testCases.AccountRegistrationTest - ****Starting AccountRegistrationTest****
[2025-08-21 12:29:16] [INFO] testCases.AccountRegistrationTest - Clicked on account link.... 
[2025-08-21 12:29:16] [INFO] testCases.AccountRegistrationTest - Clicked on registration link.... 
[2025-08-21 12:29:16] [INFO] testCases.AccountRegistrationTest - Providing customer details.... 
[2025-08-21 12:29:22] [INFO] testCases.AccountRegistrationTest - Validating expected message.... 
[2025-08-21 12:29:24] [INFO] testCases.AccountRegistrationTest - Logout after registering....
[2025-08-21 12:29:26] [INFO] testCases.AccountRegistrationTest - ****Finished AccountRegistrationTest****
[2025-08-21 12:29:28] [INFO] testCases.LoginTest - ****Starting verify_login****
[2025-08-21 12:29:31] [INFO] testCases.LoginTest - ****finished verify_login****
[2025-08-21 12:29:58] [INFO] org.testng.internal.Utils - [TestNG] Running:
  C:\Users\Supriya\SeleniumWebDriver\OpencartV121\grouping.xml

[2025-08-21 12:30:00] [INFO] testCases.AccountRegistrationTest - ****Starting AccountRegistrationTest****
[2025-08-21 12:30:00] [INFO] testCases.AccountRegistrationTest - Clicked on account link.... 
[2025-08-21 12:30:01] [INFO] testCases.AccountRegistrationTest - Clicked on registration link.... 
[2025-08-21 12:30:01] [INFO] testCases.AccountRegistrationTest - Providing customer details.... 
[2025-08-21 12:30:07] [INFO] testCases.AccountRegistrationTest - Validating expected message.... 
[2025-08-21 12:30:09] [INFO] testCases.AccountRegistrationTest - Logout after registering....
[2025-08-21 12:30:10] [INFO] testCases.AccountRegistrationTest - ****Finished AccountRegistrationTest****
[2025-08-21 12:30:12] [INFO] testCases.LoginTest - ****Starting verify_login****
[2025-08-21 12:30:16] [INFO] testCases.LoginTest - ****finished verify_login****
[2025-08-21 12:30:37] [INFO] org.testng.internal.Utils - [XmlSuite] [WARN] 'parallel' value 'true' is no longer valid, defaulting to 'methods'.
[2025-08-21 12:30:37] [INFO] org.testng.internal.Utils - [TestNG] Running:
  C:\Users\Supriya\SeleniumWebDriver\OpencartV121\crossbrowsertesting.xml

[2025-08-21 12:30:40] [INFO] testCases.AccountRegistrationTest - ****Starting AccountRegistrationTest****
[2025-08-21 12:30:40] [INFO] testCases.AccountRegistrationTest - Clicked on account link.... 
[2025-08-21 12:30:40] [INFO] testCases.AccountRegistrationTest - Clicked on registration link.... 
[2025-08-21 12:30:40] [INFO] testCases.AccountRegistrationTest - Providing customer details.... 
[2025-08-21 12:30:46] [INFO] testCases.AccountRegistrationTest - Validating expected message.... 
[2025-08-21 12:30:48] [INFO] testCases.AccountRegistrationTest - Logout after registering....
[2025-08-21 12:30:50] [INFO] testCases.AccountRegistrationTest - ****Finished AccountRegistrationTest****
[2025-08-21 12:30:55] [INFO] testCases.AccountRegistrationTest - ****Starting AccountRegistrationTest****
[2025-08-21 12:30:55] [INFO] testCases.AccountRegistrationTest - Clicked on account link.... 
[2025-08-21 12:30:56] [INFO] testCases.AccountRegistrationTest - Clicked on registration link.... 
[2025-08-21 12:30:56] [INFO] testCases.AccountRegistrationTest - Providing customer details.... 
[2025-08-21 12:31:01] [INFO] testCases.AccountRegistrationTest - Validating expected message.... 
[2025-08-21 12:31:21] [INFO] testCases.AccountRegistrationTest - ****Starting AccountRegistrationTest****
[2025-08-21 12:31:22] [INFO] testCases.AccountRegistrationTest - Clicked on account link.... 
[2025-08-21 12:31:22] [INFO] testCases.AccountRegistrationTest - Clicked on registration link.... 
[2025-08-21 12:31:22] [INFO] testCases.AccountRegistrationTest - Providing customer details.... 
[2025-08-21 12:31:28] [INFO] testCases.AccountRegistrationTest - Validating expected message.... 
[2025-08-21 12:31:30] [INFO] testCases.AccountRegistrationTest - Logout after registering....
[2025-08-21 12:31:32] [INFO] testCases.AccountRegistrationTest - ****Finished AccountRegistrationTest****
[2025-08-21 18:15:10] [INFO] org.testng.internal.Utils - [TestNG] Running:
  C:\Users\Supriya\SeleniumWebDriver\OpencartV121\grid-docker.xml

[2025-08-21 18:22:08] [INFO] org.testng.internal.Utils - [TestNG] Running:
  C:\Users\Supriya\SeleniumWebDriver\OpencartV121\grid-docker.xml

[2025-08-21 18:29:49] [INFO] org.testng.internal.Utils - [TestNG] Running:
  C:\Users\Supriya\SeleniumWebDriver\OpencartV121\grid-docker.xml

[2025-08-21 18:35:12] [INFO] org.testng.internal.Utils - [TestNG] Running:
  C:\Users\Supriya\SeleniumWebDriver\OpencartV121\grid-docker.xml

[2025-08-21 18:35:14] [INFO] testCases.AccountRegistrationTest - ****Starting AccountRegistrationTest****
[2025-08-21 18:35:14] [INFO] testCases.AccountRegistrationTest - Clicked on account link.... 
[2025-08-21 18:35:26] [INFO] testCases.LoginTest - ****Starting verify_login****
[2025-08-21 18:36:34] [INFO] org.testng.internal.Utils - [TestNG] Running:
  C:\Users\Supriya\SeleniumWebDriver\OpencartV121\grid-docker.xml

[2025-08-21 21:01:19] [INFO] org.testng.internal.Utils - [TestNG] Running:
  C:\Users\Supriya\SeleniumWebDriver\OpencartV121\grid-docker.xml

[2025-08-21 21:01:21] [INFO] testCases.AccountRegistrationTest - ****Starting AccountRegistrationTest****
[2025-08-21 21:01:21] [INFO] testCases.AccountRegistrationTest - Clicked on account link.... 
[2025-08-21 21:01:33] [INFO] testCases.LoginTest - ****Starting verify_login****
[2025-08-21 21:11:30] [INFO] org.testng.internal.Utils - [TestNG] Running:
  C:\Users\Supriya\SeleniumWebDriver\OpencartV121\grid-docker.xml

[2025-08-21 21:11:33] [INFO] testCases.AccountRegistrationTest - ****Starting AccountRegistrationTest****
[2025-08-21 21:11:33] [INFO] testCases.AccountRegistrationTest - Clicked on account link.... 
[2025-08-21 21:11:44] [INFO] testCases.LoginTest - ****Starting verify_login****
[2025-08-21 21:47:27] [INFO] org.testng.internal.Utils - [TestNG] Running:
  C:\Users\Supriya\SeleniumWebDriver\OpencartV121\grid-docker.xml

[2025-08-21 21:47:30] [INFO] testCases.AccountRegistrationTest - ****Starting AccountRegistrationTest****
[2025-08-21 21:47:30] [INFO] testCases.AccountRegistrationTest - Clicked on account link.... 
[2025-08-21 21:47:42] [INFO] testCases.LoginTest - ****Starting verify_login****
[2025-08-21 21:50:41] [INFO] org.testng.internal.Utils - [TestNG] Running:
  C:\Users\Supriya\SeleniumWebDriver\OpencartV121\master.xml

[2025-08-21 21:52:10] [INFO] org.testng.internal.Utils - [TestNG] Running:
  C:\Users\Supriya\SeleniumWebDriver\OpencartV121\master.xml

[2025-08-21 21:52:14] [INFO] testCases.AccountRegistrationTest - ****Starting AccountRegistrationTest****
[2025-08-21 21:52:14] [INFO] testCases.AccountRegistrationTest - Clicked on account link.... 
[2025-08-21 21:52:15] [INFO] testCases.AccountRegistrationTest - Clicked on registration link.... 
[2025-08-21 21:52:15] [INFO] testCases.AccountRegistrationTest - Providing customer details.... 
[2025-08-21 21:52:21] [INFO] testCases.AccountRegistrationTest - Validating expected message.... 
[2025-08-21 21:52:21] [INFO] testCases.AccountRegistrationTest - Logout after registering....
[2025-08-21 21:52:22] [INFO] testCases.AccountRegistrationTest - ****Finished AccountRegistrationTest****
[2025-08-21 21:52:24] [INFO] testCases.LoginTest - ****Starting verify_login****
[2025-08-21 21:52:26] [INFO] testCases.LoginTest - ****finished verify_login****
