[2025-08-22 13:26:54] [INFO] org.testng.internal.Utils - [TestNG] Running:
  C:\Users\Supriya\SeleniumWebDriver\OpencartV121\grid-docker.xml

[2025-08-22 13:29:11] [INFO] org.testng.internal.Utils - [TestNG] Running:
  C:\Users\Supriya\SeleniumWebDriver\OpencartV121\grid-docker.xml

[2025-08-22 13:34:07] [INFO] org.testng.internal.Utils - [TestNG] Running:
  C:\Users\Supriya\SeleniumWebDriver\OpencartV121\grid-docker.xml

[2025-08-22 13:34:36] [INFO] testCases.AccountRegistrationTest - ****Starting AccountRegistrationTest****
[2025-08-22 13:34:36] [INFO] testCases.AccountRegistrationTest - Clicked on account link.... 
[2025-08-22 13:34:47] [INFO] testCases.LoginTest - ****Starting verify_login****
[2025-08-22 20:53:12] [INFO] testCases.AccountRegistrationTest - ****Starting AccountRegistrationTest****
[2025-08-22 20:53:12] [INFO] testCases.AccountRegistrationTest - Clicked on account link.... 
[2025-08-22 20:53:13] [INFO] testCases.AccountRegistrationTest - Clicked on registration link.... 
[2025-08-22 20:53:13] [INFO] testCases.AccountRegistrationTest - Providing customer details.... 
[2025-08-22 20:53:19] [INFO] testCases.AccountRegistrationTest - Validating expected message.... 
[2025-08-22 20:53:20] [INFO] testCases.AccountRegistrationTest - Logout after registering....
[2025-08-22 20:53:22] [INFO] testCases.AccountRegistrationTest - ****Finished AccountRegistrationTest****
[2025-08-22 20:53:24] [INFO] testCases.LoginTest - ****Starting verify_login****
[2025-08-22 20:53:28] [INFO] testCases.LoginTest - ****finished verify_login****
[2025-08-22 22:05:54] [INFO] testCases.AccountRegistrationTest - ****Starting AccountRegistrationTest****
[2025-08-22 22:05:54] [INFO] testCases.AccountRegistrationTest - Clicked on account link.... 
[2025-08-22 22:05:55] [INFO] testCases.AccountRegistrationTest - Clicked on registration link.... 
[2025-08-22 22:05:55] [INFO] testCases.AccountRegistrationTest - Providing customer details.... 
[2025-08-22 22:06:01] [INFO] testCases.AccountRegistrationTest - Validating expected message.... 
[2025-08-22 22:06:02] [INFO] testCases.AccountRegistrationTest - Logout after registering....
[2025-08-22 22:06:04] [INFO] testCases.AccountRegistrationTest - ****Finished AccountRegistrationTest****
[2025-08-22 22:06:06] [INFO] testCases.LoginTest - ****Starting verify_login****
[2025-08-22 22:06:10] [INFO] testCases.LoginTest - ****finished verify_login****
[2025-08-22 22:17:42] [INFO] testCases.AccountRegistrationTest - ****Starting AccountRegistrationTest****
[2025-08-22 22:17:42] [INFO] testCases.AccountRegistrationTest - Clicked on account link.... 
[2025-08-22 22:17:43] [INFO] testCases.AccountRegistrationTest - Clicked on registration link.... 
[2025-08-22 22:17:43] [INFO] testCases.AccountRegistrationTest - Providing customer details.... 
[2025-08-22 22:17:49] [INFO] testCases.AccountRegistrationTest - Validating expected message.... 
[2025-08-22 22:17:50] [INFO] testCases.AccountRegistrationTest - Logout after registering....
[2025-08-22 22:17:52] [INFO] testCases.AccountRegistrationTest - ****Finished AccountRegistrationTest****
[2025-08-22 22:17:55] [INFO] testCases.LoginTest - ****Starting verify_login****
[2025-08-22 22:17:58] [INFO] testCases.LoginTest - ****finished verify_login****
